Microsoft (R) Macro Assembler Version 14.24.28315.0	    10/05/20 12:02:28
fucn.asm						     Page 1 - 1


				; використовується процесор з ядром і586 і вище
				.586

				.model flat 

				;flat - вказує на те, що всі сегменти розміщені фізично в одному сегменті

				; Узгодження, які використовує лінкер для мови С передбачають:
				; 1. аргументи функціям передаються через стек;
				; 2. викликаюча функція очищає стек від параметрів;
				; 3. аргументи завантажуються в стек перед викликом функції справа на ліво;
				; 4. імена ідентифікаторів мають префікс "підкреслення" (_);
				; 5. імена ідентифікаторів є регістрозалежними (є різниця між великими і малими буквами);
				; 6. функції повертають значення в регістропару eax:edx.

				EXTRN _nNumber1:dword
				EXTRN _divide:PROC  
				PUBLIC _weightedsum

 00000000			.data
 00000000 00000005			Weight dd 5
					
 00000000			.code
					; Процедура _weightedsum має 2 параметри і використовує узгодження мови С
 00000000				_weightedsum PROC ; ближня процедура
					
					; в стеку на даний момент є 32-ох розрядна ближня адреса пвернення з процедури
					; збережемо в стек 32-ох розрядне значення ebp	
 00000000  55					push ebp
 00000001  8B EC				mov ebp,esp
					
				; завантажити перший параметр який має відносно esp зміщення +8 байт
 00000003  8B 45 08				mov eax,[ebp+8]
					
				; завантажити другий параметр який має відносно esp зміщення +12 байт
 00000006  8B 55 0C				mov edx,[ebp+12]
 00000009  03 C2				add  eax,edx
 0000000B  03 05 00000000 E			add  eax,_nNumber1
 00000011  F7 25 00000000 R			mul  Weight
					; результат виконання занесено в eax
					
 00000017  8B D0				mov  edx,eax
					
				; завантажити третій параметр який має відносно esp зміщення +16 байт
 00000019  8A 45 10				mov	 al,[ebp+16]
 0000001C  66| 98				cbw
 0000001E  98					cwde
					
				; занести параметри функції в стек справа на ліво (arg2 потім arg1)
 0000001F  50					push eax
 00000020  52					push edx
					
				; викликати С функцію divide
 00000021  E8 00000000 E			call _divide
					
				; видалити параметри divide зі стеку додаванням до esp числа 8 (2 змінні по 4 байти)
 00000026  83 C4 08				add esp,8 
						
 00000029  5D					pop ebp
 0000002A  C3					ret
						
 0000002B				_weightedsum endp
				end
Microsoft (R) Macro Assembler Version 14.24.28315.0	    10/05/20 12:02:28
fucn.asm						     Symbols 2 - 1




Segments and Groups:

                N a m e                 Size     Length   Align   Combine Class

FLAT . . . . . . . . . . . . . .	GROUP
_DATA  . . . . . . . . . . . . .	32 Bit	 00000004 Para	  Public  'DATA'	
_TEXT  . . . . . . . . . . . . .	32 Bit	 0000002B Para	  Public  'CODE'	


Procedures, parameters, and locals:

                N a m e                 Type     Value    Attr

_weightedsum . . . . . . . . . .	P Near	 00000000 _TEXT	Length= 0000002B Public


Symbols:

                N a m e                 Type     Value    Attr

@CodeSize  . . . . . . . . . . .	Number	 00000000h   
@DataSize  . . . . . . . . . . .	Number	 00000000h   
@Interface . . . . . . . . . . .	Number	 00000000h   
@Model . . . . . . . . . . . . .	Number	 00000007h   
@code  . . . . . . . . . . . . .	Text   	 _TEXT
@data  . . . . . . . . . . . . .	Text   	 FLAT
@fardata?  . . . . . . . . . . .	Text   	 FLAT
@fardata . . . . . . . . . . . .	Text   	 FLAT
@stack . . . . . . . . . . . . .	Text   	 FLAT
Weight . . . . . . . . . . . . .	DWord	 00000000 _DATA	
_divide  . . . . . . . . . . . .	L Near	 00000000 FLAT	External
_nNumber1  . . . . . . . . . . .	DWord	 00000000 FLAT	External

	   0 Warnings
	   0 Errors
